[    0.000000] Initializing cgroup subsys cpuset
[    0.000000] Initializing cgroup subsys cpu
[    0.000000] Initializing cgroup subsys cpuacct
[    0.000000] Linux version 4.4.0-169-generic (buildd@lgw01-amd64-038) (gcc version 5.4.0 20160609 (Ubuntu 5.4.0-6ubuntu1~16.04.12) ) #198-Ubuntu SMP Tue Nov 12 10:38:00 UTC 2019 (Ubuntu 4.4.0-169.198-generic 4.4.197)
[    0.000000] Command line: BOOT_IMAGE=/boot/vmlinuz-4.4.0-169-generic root=LABEL=cloudimg-rootfs ro console=tty1 console=ttyS0
[    0.000000] KERNEL supported cpus:
[    0.000000]   Intel GenuineIntel
[    0.000000]   AMD AuthenticAMD
[    0.000000]   Centaur CentaurHauls
[    0.000000] x86/fpu: xstate_offset[2]:  576, xstate_sizes[2]:  256
[    0.000000] x86/fpu: Supporting XSAVE feature 0x01: 'x87 floating point registers'
[    0.000000] x86/fpu: Supporting XSAVE feature 0x02: 'SSE registers'
[    0.000000] x86/fpu: Supporting XSAVE feature 0x04: 'AVX registers'
[    0.000000] x86/fpu: Enabled xstate features 0x7, context size is 832 bytes, using 'standard' format.
[    0.000000] e820: BIOS-provided physical RAM map:
[    0.000000] BIOS-e820: [mem 0x0000000000000000-0x000000000009fbff] usable
[    0.000000] BIOS-e820: [mem 0x000000000009fc00-0x000000000009ffff] reserved
[    0.000000] BIOS-e820: [mem 0x00000000000f0000-0x00000000000fffff] reserved
[    0.000000] BIOS-e820: [mem 0x0000000000100000-0x000000000ffeffff] usable
[    0.000000] BIOS-e820: [mem 0x000000000fff0000-0x000000000fffffff] ACPI data
[    0.000000] BIOS-e820: [mem 0x00000000fec00000-0x00000000fec00fff] reserved
[    0.000000] BIOS-e820: [mem 0x00000000fee00000-0x00000000fee00fff] reserved
[    0.000000] BIOS-e820: [mem 0x00000000fffc0000-0x00000000ffffffff] reserved
[    0.000000] NX (Execute Disable) protection: active
[    0.000000] SMBIOS 2.5 present.
[    0.000000] Hypervisor detected: KVM
[    0.000000] e820: last_pfn = 0xfff0 max_arch_pfn = 0x400000000
[    0.000000] MTRR: Disabled
[    0.000000] x86/PAT: MTRRs disabled, skipping PAT initialization too.
[    0.000000] CPU MTRRs all blank - virtualized system.
[    0.000000] x86/PAT: Configuration [0-7]: WB  WT  UC- UC  WB  WT  UC- UC  
[    0.000000] found SMP MP-table at [mem 0x0009fff0-0x0009ffff] mapped at [ffff88000009fff0]
[    0.000000] Scanning 1 areas for low memory corruption
[    0.000000] RAMDISK: [mem 0x0e899000-0x0f717fff]
[    0.000000] ACPI: Early table checksum verification disabled
[    0.000000] ACPI: RSDP 0x00000000000E0000 000024 (v02 VBOX  )
[    0.000000] ACPI: XSDT 0x000000000FFF0030 00003C (v01 VBOX   VBOXXSDT 00000001 ASL  00000061)
[    0.000000] ACPI: FACP 0x000000000FFF00F0 0000F4 (v04 VBOX   VBOXFACP 00000001 ASL  00000061)
[    0.000000] ACPI: DSDT 0x000000000FFF0470 0022EA (v02 VBOX   VBOXBIOS 00000002 INTL 20100528)
[    0.000000] ACPI: FACS 0x000000000FFF0200 000040
[    0.000000] ACPI: FACS 0x000000000FFF0200 000040
[    0.000000] ACPI: APIC 0x000000000FFF0240 000054 (v02 VBOX   VBOXAPIC 00000001 ASL  00000061)
[    0.000000] ACPI: SSDT 0x000000000FFF02A0 0001CC (v01 VBOX   VBOXCPUT 00000002 INTL 20100528)
[    0.000000] No NUMA configuration found
[    0.000000] Faking a node at [mem 0x0000000000000000-0x000000000ffeffff]
[    0.000000] NODE_DATA(0) allocated [mem 0x0ffeb000-0x0ffeffff]
[    0.000000] kvm-clock: Using msrs 4b564d01 and 4b564d00
[    0.000000] kvm-clock: cpu 0, msr 0:ffe3001, primary cpu clock
[    0.000000] kvm-clock: using sched offset of 4018718235 cycles
[    0.000000] clocksource: kvm-clock: mask: 0xffffffffffffffff max_cycles: 0x1cd42e4dffb, max_idle_ns: 881590591483 ns
[    0.000000] Zone ranges:
[    0.000000]   DMA      [mem 0x0000000000001000-0x0000000000ffffff]
[    0.000000]   DMA32    [mem 0x0000000001000000-0x000000000ffeffff]
[    0.000000]   Normal   empty
[    0.000000]   Device   empty
[    0.000000] Movable zone start for each node
[    0.000000] Early memory node ranges
[    0.000000]   node   0: [mem 0x0000000000001000-0x000000000009efff]
[    0.000000]   node   0: [mem 0x0000000000100000-0x000000000ffeffff]
[    0.000000] Initmem setup node 0 [mem 0x0000000000001000-0x000000000ffeffff]
[    0.000000] ACPI: PM-Timer IO Port: 0x4008
[    0.000000] IOAPIC[0]: apic_id 1, version 32, address 0xfec00000, GSI 0-23
[    0.000000] ACPI: INT_SRC_OVR (bus 0 bus_irq 0 global_irq 2 dfl dfl)
[    0.000000] ACPI: INT_SRC_OVR (bus 0 bus_irq 9 global_irq 9 low level)
[    0.000000] Using ACPI (MADT) for SMP configuration information
[    0.000000] smpboot: Allowing 1 CPUs, 0 hotplug CPUs
[    0.000000] PM: Registered nosave memory: [mem 0x00000000-0x00000fff]
[    0.000000] PM: Registered nosave memory: [mem 0x0009f000-0x0009ffff]
[    0.000000] PM: Registered nosave memory: [mem 0x000a0000-0x000effff]
[    0.000000] PM: Registered nosave memory: [mem 0x000f0000-0x000fffff]
[    0.000000] e820: [mem 0x10000000-0xfebfffff] available for PCI devices
[    0.000000] Booting paravirtualized kernel on KVM
[    0.000000] clocksource: refined-jiffies: mask: 0xffffffff max_cycles: 0xffffffff, max_idle_ns: 7645519600211568 ns
[    0.000000] setup_percpu: NR_CPUS:512 nr_cpumask_bits:512 nr_cpu_ids:1 nr_node_ids:1
[    0.000000] PERCPU: Embedded 33 pages/cpu @ffff88000fc00000 s95448 r8192 d31528 u2097152
[    0.000000] Built 1 zonelists in Node order, mobility grouping on.  Total pages: 64376
[    0.000000] Policy zone: DMA32
[    0.000000] Kernel command line: BOOT_IMAGE=/boot/vmlinuz-4.4.0-169-generic root=LABEL=cloudimg-rootfs ro console=tty1 console=ttyS0
[    0.000000] PID hash table entries: 1024 (order: 1, 8192 bytes)
[    0.000000] Memory: 223728K/261688K available (8623K kernel code, 1336K rwdata, 4036K rodata, 1488K init, 1288K bss, 37960K reserved, 0K cma-reserved)
[    0.000000] SLUB: HWalign=64, Order=0-3, MinObjects=0, CPUs=1, Nodes=1
[    0.000000] Kernel/User page tables isolation: enabled
[    0.000000] Hierarchical RCU implementation.
[    0.000000] 	Build-time adjustment of leaf fanout to 64.
[    0.000000] 	RCU restricting CPUs from NR_CPUS=512 to nr_cpu_ids=1.
[    0.000000] RCU: Adjusting geometry for rcu_fanout_leaf=64, nr_cpu_ids=1
[    0.000000] NR_IRQS:33024 nr_irqs:256 16
[    0.000000] Console: colour VGA+ 80x25
[    0.000000] console [tty1] enabled
[    0.000000] console [ttyS0] enabled
[    0.000000] tsc: Detected 2303.998 MHz processor
[    0.236383] Calibrating delay loop (skipped) preset value.. 4607.99 BogoMIPS (lpj=9215992)
[    0.239177] pid_max: default: 32768 minimum: 301
[    0.240974] ACPI: Core revision 20150930
[    0.243490] ACPI: 2 ACPI AML tables successfully acquired and loaded
[    0.246103] Security Framework initialized
[    0.247076] Yama: becoming mindful.
[    0.248883] AppArmor: AppArmor initialized
[    0.250420] Dentry cache hash table entries: 32768 (order: 6, 262144 bytes)
[    0.252811] Inode-cache hash table entries: 16384 (order: 5, 131072 bytes)
[    0.254603] Mount-cache hash table entries: 512 (order: 0, 4096 bytes)
[    0.259370] Mountpoint-cache hash table entries: 512 (order: 0, 4096 bytes)
[    0.262545] Initializing cgroup subsys io
[    0.264142] Initializing cgroup subsys memory
[    0.267643] Initializing cgroup subsys devices
[    0.270979] Initializing cgroup subsys freezer
[    0.272512] Initializing cgroup subsys net_cls
[    0.274605] Initializing cgroup subsys perf_event
[    0.275758] Initializing cgroup subsys net_prio
[    0.276650] Initializing cgroup subsys hugetlb
[    0.277525] Initializing cgroup subsys pids
[    0.279596] mce: CPU supports 0 MCE banks
[    0.281257] process: using mwait in idle threads
[    0.282218] Last level iTLB entries: 4KB 64, 2MB 8, 4MB 8
[    0.283570] Last level dTLB entries: 4KB 64, 2MB 0, 4MB 0, 1GB 4
[    0.284718] Spectre V1 : Mitigation: usercopy/swapgs barriers and __user pointer sanitization
[    0.286359] Spectre V2 : Mitigation: Full generic retpoline
[    0.287674] Spectre V2 : Spectre v2 / SpectreRSB mitigation: Filling RSB on context switch
[    0.290905] Speculative Store Bypass: Vulnerable
[    0.293034] MDS: Mitigation: Clear CPU buffers
[    0.341645] Freeing SMP alternatives memory: 36K
[    0.352780] ftrace: allocating 32301 entries in 127 pages
[    0.426308] smpboot: APIC(0) Converting physical 0 to logical package 0
[    0.427934] smpboot: Max logical packages: 1
[    0.430312] x2apic enabled
[    0.431849] Switched APIC routing to physical x2apic.
[    0.434257] ..TIMER: vector=0x30 apic1=0 pin1=2 apic2=-1 pin2=-1
[    0.544548] smpboot: CPU0: Intel(R) Core(TM) i5-7360U CPU @ 2.30GHz (family: 0x6, model: 0x8e, stepping: 0x9)
[    0.546693] Performance Events: unsupported p6 CPU model 142 no PMU driver, software events only.
[    0.570315] KVM setup paravirtual spinlock
[    0.588996] x86: Booted up 1 node, 1 CPUs
[    0.590947] smpboot: Total of 1 processors activated (4607.99 BogoMIPS)
[    0.594444] devtmpfs: initialized
[    0.597650] evm: security.selinux
[    0.599492] evm: security.SMACK64
[    0.600866] evm: security.SMACK64EXEC
[    0.602310] evm: security.SMACK64TRANSMUTE
[    0.603454] evm: security.SMACK64MMAP
[    0.604699] evm: security.ima
[    0.607193] evm: security.capability
[    0.610122] clocksource: jiffies: mask: 0xffffffff max_cycles: 0xffffffff, max_idle_ns: 7645041785100000 ns
[    0.613303] futex hash table entries: 256 (order: 2, 16384 bytes)
[    0.615324] pinctrl core: initialized pinctrl subsystem
[    0.617232] RTC time: 19:55:23, date: 11/28/19
[    0.618846] NET: Registered protocol family 16
[    0.619855] cpuidle: using governor ladder
[    0.620757] cpuidle: using governor menu
[    0.621645] PCCT header not found.
[    0.623217] ACPI: bus type PCI registered
[    0.624382] acpiphp: ACPI Hot Plug PCI Controller Driver version: 0.5
[    0.626113] PCI: Using configuration type 1 for base access
[    0.628041] ACPI: Added _OSI(Module Device)
[    0.629591] ACPI: Added _OSI(Processor Device)
[    0.630691] ACPI: Added _OSI(3.0 _SCP Extensions)
[    0.631838] ACPI: Added _OSI(Processor Aggregator Device)
[    0.633598] ACPI: Executed 1 blocks of module-level executable AML code
[    0.638253] ACPI: Interpreter enabled
[    0.639665] ACPI: (supports S0 S5)
[    0.640892] ACPI: Using IOAPIC for interrupt routing
[    0.642455] PCI: Using host bridge windows from ACPI; if necessary, use "pci=nocrs" and report a bug
[    0.648503] ACPI: PCI Root Bridge [PCI0] (domain 0000 [bus 00-ff])
[    0.650277] acpi PNP0A03:00: _OSC: OS supports [ASPM ClockPM Segments MSI]
[    0.652471] acpi PNP0A03:00: _OSC: not requesting OS control; OS requires [ExtendedConfig ASPM ClockPM MSI]
[    0.654953] acpi PNP0A03:00: fail to add MMCONFIG information, can't access extended PCI configuration space under this bridge.
[    0.658660] PCI host bridge to bus 0000:00
[    0.659812] pci_bus 0000:00: root bus resource [io  0x0000-0x0cf7 window]
[    0.661471] pci_bus 0000:00: root bus resource [io  0x0d00-0xffff window]
[    0.663329] pci_bus 0000:00: root bus resource [mem 0x000a0000-0x000bffff window]
[    0.667452] pci_bus 0000:00: root bus resource [mem 0x10000000-0xfdffffff window]
[    0.672246] pci_bus 0000:00: root bus resource [bus 00-ff]
[    0.678974] pci 0000:00:01.1: legacy IDE quirk: reg 0x10: [io  0x01f0-0x01f7]
[    0.680973] pci 0000:00:01.1: legacy IDE quirk: reg 0x14: [io  0x03f6]
[    0.686153] pci 0000:00:01.1: legacy IDE quirk: reg 0x18: [io  0x0170-0x0177]
[    0.687901] pci 0000:00:01.1: legacy IDE quirk: reg 0x1c: [io  0x0376]
[    0.724447] pci 0000:00:07.0: quirk: [io  0x4000-0x403f] claimed by PIIX4 ACPI
[    0.752555] pci 0000:00:07.0: quirk: [io  0x4100-0x410f] claimed by PIIX4 SMB
[    0.775386] ACPI: PCI Interrupt Link [LNKA] (IRQs 5 9 10 *11)
[    0.782302] ACPI: PCI Interrupt Link [LNKB] (IRQs 5 9 *10 11)
[    0.787133] ACPI: PCI Interrupt Link [LNKC] (IRQs 5 *9 10 11)
[    0.796531] ACPI: PCI Interrupt Link [LNKD] (IRQs 5 9 10 *11)
[    0.800313] ACPI: Enabled 2 GPEs in block 00 to 07
[    0.808962] vgaarb: setting as boot device: PCI:0000:00:02.0
[    0.815656] vgaarb: device added: PCI:0000:00:02.0,decodes=io+mem,owns=io+mem,locks=none
[    0.819384] vgaarb: loaded
[    0.820436] vgaarb: bridge control possible 0000:00:02.0
[    0.823064] SCSI subsystem initialized
[    0.824203] ACPI: bus type USB registered
[    0.825313] usbcore: registered new interface driver usbfs
[    0.831561] usbcore: registered new interface driver hub
[    0.834786] usbcore: registered new device driver usb
[    0.836294] PCI: Using ACPI for IRQ routing
[    0.837788] NetLabel: Initializing
[    0.840678] NetLabel:  domain hash size = 128
[    0.843375] NetLabel:  protocols = UNLABELED CIPSOv4
[    0.845674] NetLabel:  unlabeled traffic allowed by default
[    0.847656] amd_nb: Cannot enumerate AMD northbridges
[    0.851546] clocksource: Switched to clocksource kvm-clock
[    0.870862] AppArmor: AppArmor Filesystem Enabled
[    0.874344] pnp: PnP ACPI init
[    0.878670] pnp: PnP ACPI: found 3 devices
[    0.886625] clocksource: acpi_pm: mask: 0xffffff max_cycles: 0xffffff, max_idle_ns: 2085701024 ns
[    0.891895] NET: Registered protocol family 2
[    0.893206] TCP established hash table entries: 2048 (order: 2, 16384 bytes)
[    0.896904] TCP bind hash table entries: 2048 (order: 3, 32768 bytes)
[    0.902133] TCP: Hash tables configured (established 2048 bind 2048)
[    0.904293] UDP hash table entries: 256 (order: 1, 8192 bytes)
[    0.907499] UDP-Lite hash table entries: 256 (order: 1, 8192 bytes)
[    0.910268] NET: Registered protocol family 1
[    0.916263] pci 0000:00:00.0: Limiting direct PCI/PCI transfers
[    0.919836] pci 0000:00:01.0: Activating ISA DMA hang workarounds
[    0.925059] Unpacking initramfs...
[    1.346516] Freeing initrd memory: 14844K
[    1.348177] clocksource: tsc: mask: 0xffffffffffffffff max_cycles: 0x2135f5e6f15, max_idle_ns: 440795231538 ns
[    1.350873] platform rtc_cmos: registered platform RTC device (no PNP device found)
[    1.353617] Scanning for low memory corruption every 60 seconds
[    1.357924] audit: initializing netlink subsys (disabled)
[    1.365525] audit: type=2000 audit(1574970930.046:1): initialized
[    1.368137] Initialise system trusted keyring
[    1.369753] HugeTLB registered 2 MB page size, pre-allocated 0 pages
[    1.375912] zbud: loaded
[    1.377178] VFS: Disk quotas dquot_6.6.0
[    1.379369] VFS: Dquot-cache hash table entries: 512 (order 0, 4096 bytes)
[    1.382949] squashfs: version 4.0 (2009/01/31) Phillip Lougher
[    1.385617] fuse init (API version 7.23)
[    1.387188] Key type big_key registered
[    1.395094] Allocating IMA MOK and blacklist keyrings.
[    1.397737] Key type asymmetric registered
[    1.399107] Asymmetric key parser 'x509' registered
[    1.400549] Block layer SCSI generic (bsg) driver version 0.4 loaded (major 249)
[    1.402228] io scheduler noop registered
[    1.403576] io scheduler deadline registered (default)
[    1.404618] io scheduler cfq registered
[    1.405602] pci_hotplug: PCI Hot Plug PCI Core version: 0.5
[    1.409069] pciehp: PCI Express Hot Plug Controller Driver version: 0.4
[    1.411673] ACPI: AC Adapter [AC] (off-line)
[    1.413016] input: Power Button as /devices/LNXSYSTM:00/LNXPWRBN:00/input/input0
[    1.414856] ACPI: Power Button [PWRF]
[    1.415925] input: Sleep Button as /devices/LNXSYSTM:00/LNXSLPBN:00/input/input1
[    1.418337] ACPI: Sleep Button [SLPF]
[    1.420646] ACPI: Battery Slot [BAT0] (battery present)
[    1.425813] GHES: HEST is not enabled!
[    1.427893] Serial: 8250/16550 driver, 32 ports, IRQ sharing enabled
[    1.452164] 00:02: ttyS0 at I/O 0x3f8 (irq = 4, base_baud = 115200) is a 16550A
[    1.457184] Linux agpgart interface v0.103
[    1.461905] loop: module loaded
[    1.463785] scsi host0: ata_piix
[    1.464998] scsi host1: ata_piix
[    1.466373] ata1: PATA max UDMA/33 cmd 0x1f0 ctl 0x3f6 bmdma 0xd000 irq 14
[    1.469226] ata2: PATA max UDMA/33 cmd 0x170 ctl 0x376 bmdma 0xd008 irq 15
[    1.472296] libphy: Fixed MDIO Bus: probed
[    1.480753] tun: Universal TUN/TAP device driver, 1.6
[    1.490660] tun: (C) 1999-2004 Max Krasnyansky <maxk@qualcomm.com>
[    1.492606] PPP generic driver version 2.4.2
[    1.494193] ehci_hcd: USB 2.0 'Enhanced' Host Controller (EHCI) Driver
[    1.496653] ehci-pci: EHCI PCI platform driver
[    1.497949] ehci-platform: EHCI generic platform driver
[    1.499240] ohci_hcd: USB 1.1 'Open' Host Controller (OHCI) Driver
[    1.500590] ohci-pci: OHCI PCI platform driver
[    1.501965] ohci-platform: OHCI generic platform driver
[    1.503709] uhci_hcd: USB Universal Host Controller Interface driver
[    1.507160] i8042: PNP: PS/2 Controller [PNP0303:PS2K,PNP0f03:PS2M] at 0x60,0x64 irq 1,12
[    1.511077] serio: i8042 KBD port at 0x60,0x64 irq 1
[    1.512929] serio: i8042 AUX port at 0x60,0x64 irq 12
[    1.515029] mousedev: PS/2 mouse device common for all mice
[    1.516592] input: AT Translated Set 2 keyboard as /devices/platform/i8042/serio0/input/input2
[    1.519926] rtc_cmos rtc_cmos: rtc core: registered rtc_cmos as rtc0
[    1.524202] rtc_cmos rtc_cmos: alarms up to one day, 114 bytes nvram
[    1.528784] i2c /dev entries driver
[    1.530735] device-mapper: uevent: version 1.0.3
[    1.532909] device-mapper: ioctl: 4.34.0-ioctl (2015-10-28) initialised: dm-devel@redhat.com
[    1.535886] ledtrig-cpu: registered to indicate activity on CPUs
[    1.539722] NET: Registered protocol family 10
[    1.542047] NET: Registered protocol family 17
[    1.543684] Key type dns_resolver registered
[    1.545679] registered taskstats version 1
[    1.548169] Loading compiled-in X.509 certificates
[    1.553841] Loaded X.509 cert 'Build time autogenerated kernel key: ef3203c14e3994470d47ef6a7e15c1ade40f8e1e'
[    1.561904] zswap: loaded using pool lzo/zbud
[    1.565554] Key type trusted registered
[    1.569723] Key type encrypted registered
[    1.570974] AppArmor: AppArmor sha1 policy hashing enabled
[    1.576667] ima: No TPM chip found, activating TPM-bypass!
[    1.578732] ima: Allocated hash algorithm: sha1
[    1.580883] evm: HMAC attrs: 0x1
[    1.582536]   Magic number: 11:44:952
[    1.583773] tty tty9: hash matches
[    1.585390] rtc_cmos rtc_cmos: setting system clock to 2019-11-28 19:55:24 UTC (1574970924)
[    1.588236] BIOS EDD facility v0.16 2004-Jun-25, 0 devices found
[    1.594994] EDD information not available.
[    1.628579] Freeing unused kernel memory: 1488K
[    1.630312] Write protecting the kernel read-only data: 14336k
[    1.632351] Freeing unused kernel memory: 1604K
[    1.634841] Freeing unused kernel memory: 60K
Loading, please wait...
starting version 229
[    1.649961] random: udevadm: uninitialized urandom read (16 bytes read, 5 bits of entropy available)
[    1.654652] random: systemd-udevd: uninitialized urandom read (16 bytes read, 5 bits of entropy available)
[    1.659178] random: systemd-udevd: uninitialized urandom read (16 bytes read, 5 bits of entropy available)
[    1.662566] random: udevadm: uninitialized urandom read (16 bytes read, 5 bits of entropy available)
[    1.667460] random: systemd-udevd: uninitialized urandom read (16 bytes read, 5 bits of entropy available)
[    1.675703] random: systemd-udevd: uninitialized urandom read (16 bytes read, 5 bits of entropy available)
[    1.688516] random: systemd-udevd: uninitialized urandom read (16 bytes read, 5 bits of entropy available)
[    1.697337] random: systemd-udevd: uninitialized urandom read (16 bytes read, 5 bits of entropy available)
[    1.703862] random: udevadm: uninitialized urandom read (16 bytes read, 5 bits of entropy available)
[    1.707390] random: udevadm: uninitialized urandom read (16 bytes read, 5 bits of entropy available)
[    1.809455] e1000: Intel(R) PRO/1000 Network Driver - version 7.3.21-k8-NAPI
[    1.814851] e1000: Copyright (c) 1999-2006 Intel Corporation.
[    1.817506] Fusion MPT base driver 3.04.20
[    1.819816] Copyright (c) 1999-2008 LSI Corporation
[    1.868851] Fusion MPT SPI Host driver 3.04.20
[    1.881494] AVX2 version of gcm_enc/dec engaged.
[    1.887207] AES CTR mode by8 optimization enabled
[    2.050912] input: ImExPS/2 Generic Explorer Mouse as /devices/platform/i8042/serio1/input/input4
[    2.417196] e1000 0000:00:03.0 eth0: (PCI:33MHz:32-bit) 02:1a:6e:a3:7e:96
[    2.419505] e1000 0000:00:03.0 eth0: Intel(R) PRO/1000 Network Connection
[    2.424711] mptbase: ioc0: Initiating bringup
[    2.488574] ioc0: LSI53C1030 A0: Capabilities={Initiator}
[    2.653853] scsi host2: ioc0: LSI53C1030 A0, FwRev=00000000h, Ports=1, MaxQ=256, IRQ=20
[    2.770698] scsi 2:0:0:0: Direct-Access     VBOX     HARDDISK         1.0  PQ: 0 ANSI: 5
[    2.775851] scsi target2:0:0: Beginning Domain Validation
[    2.781044] scsi target2:0:0: Domain Validation skipping write tests
[    2.783402] scsi target2:0:0: Ending Domain Validation
[    2.785658] scsi target2:0:0: asynchronous
[    2.787802] scsi 2:0:1:0: Direct-Access     VBOX     HARDDISK         1.0  PQ: 0 ANSI: 5
[    2.794884] scsi target2:0:1: Beginning Domain Validation
[    2.825742] scsi target2:0:1: Domain Validation skipping write tests
[    2.829218] scsi target2:0:1: Ending Domain Validation
[    2.836258] scsi target2:0:1: asynchronous
[    3.005223] sd 2:0:0:0: Attached scsi generic sg0 type 0
[    3.018562] sd 2:0:0:0: [sda] 20971520 512-byte logical blocks: (10.7 GB/10.0 GiB)
[    3.028372] sd 2:0:0:0: [sda] Write Protect is off
[    3.034588] sd 2:0:0:0: [sda] Incomplete mode parameter data
[    3.037086] sd 2:0:0:0: [sda] Assuming drive cache: write through
[    3.043832] sd 2:0:1:0: [sdb] 20480 512-byte logical blocks: (10.5 MB/10.0 MiB)
[    3.047222] sd 2:0:1:0: Attached scsi generic sg1 type 0
[    3.060564] sd 2:0:1:0: [sdb] Write Protect is off
[    3.063091] sd 2:0:1:0: [sdb] Incomplete mode parameter data
[    3.065330] sd 2:0:1:0: [sdb] Assuming drive cache: write through
[    3.077416]  sda: sda1
[    3.079433] sd 2:0:0:0: [sda] Attached SCSI disk
[    3.081164] sd 2:0:1:0: [sdb] Attached SCSI disk
[    3.498923] e1000 0000:00:08.0 eth1: (PCI:33MHz:32-bit) 08:00:27:1f:13:2a
[    3.501216] e1000 0000:00:08.0 eth1: Intel(R) PRO/1000 Network Connection
[    3.507144] e1000 0000:00:03.0 enp0s3: renamed from eth0
[    3.509743] e1000 0000:00:08.0 enp0s8: renamed from eth1
Begin: Loading essential drivers ... [    4.866770] md: linear personality registered for level -1
[    4.870706] md: multipath personality registered for level -4
[    4.880099] md: raid0 personality registered for level 0
[    4.885867] md: raid1 personality registered for level 1
[    4.963239] raid6: sse2x1   gen()  9182 MB/s
[    5.036017] raid6: sse2x1   xor()  6672 MB/s
[    5.104999] raid6: sse2x2   gen()  9932 MB/s
[    5.171611] raid6: sse2x2   xor()  8435 MB/s
[    5.248524] raid6: sse2x4   gen() 11462 MB/s
[    5.315976] raid6: sse2x4   xor()  9793 MB/s
[    5.383707] raid6: avx2x1   gen() 19660 MB/s
[    5.451621] raid6: avx2x2   gen() 16584 MB/s
[    5.519573] raid6: avx2x4   gen() 13326 MB/s
[    5.521009] raid6: using algorithm avx2x1 gen() 19660 MB/s
[    5.529546] raid6: using avx2x2 recovery algorithm
[    5.533312] xor: automatically using best checksumming function:
[    5.576121]    avx       : 24769.000 MB/sec
[    5.580328] async_tx: api initialized (async)
[    5.598298] md: raid6 personality registered for level 6
[    5.599680] md: raid5 personality registered for level 5
[    5.601331] md: raid4 personality registered for level 4
[    5.610421] md: raid10 personality registered for level 10
done.
Begin: Running /scripts/init-premount ... done.
Begin: Mounting root file system ... Begin: Running /scripts/local-top ... done.
Begin: Running /scripts/local-premount ... [    5.647702] Btrfs loaded
Scanning for Btrfs filesystems
done.
Warning: fsck not present, so skipping root file system
[    5.689929] EXT4-fs (sda1): mounted filesystem with ordered data mode. Opts: (null)
done.
Begin: Running /scripts/local-bottom ... done.
Begin: Running /scripts/init-bottom ... done.
[    5.813819] systemd[1]: systemd 229 running in system mode. (+PAM +AUDIT +SELINUX +IMA +APPARMOR +SMACK +SYSVINIT +UTMP +LIBCRYPTSETUP +GCRYPT +GNUTLS +ACL +XZ -LZ4 +SECCOMP +BLKID +ELFUTILS +KMOD -IDN)
[    5.818677] systemd[1]: Detected virtualization oracle.
[    5.819698] systemd[1]: Detected architecture x86-64.

Welcome to [1mUbuntu 16.04.6 LTS[0m!

[    5.826247] systemd[1]: Set hostname to <ubuntu>.
[    5.834487] systemd[1]: Initializing machine ID from random generator.
[    5.836178] systemd[1]: Installed transient /etc/machine-id file.
[    6.008617] systemd[1]: Listening on Journal Socket (/dev/log).
[[0;32m  OK  [0m] Listening on Journal Socket (/dev/log).
[    6.016147] systemd[1]: Created slice System Slice.
[[0;32m  OK  [0m] Created slice System Slice.
[    6.018789] systemd[1]: Listening on /dev/initctl Compatibility Named Pipe.
[[0;32m  OK  [0m] Listening on /dev/initctl Compatibility Named Pipe.
[    6.021761] systemd[1]: Reached target Swap.
[[0;32m  OK  [0m] Reached target Swap.
[    6.023460] systemd[1]: Reached target Encrypted Volumes.
[[0;32m  OK  [0m] Reached target Encrypted Volumes.
[    6.026169] systemd[1]: Listening on Journal Audit Socket.
[[0;32m  OK  [0m] Listening on Journal Audit Socket.
[    6.029035] systemd[1]: Reached target User and Group Name Lookups.
[[0;32m  OK  [0m] Reached target User and Group Name Lookups.
[    6.037266] systemd[1]: Created slice system-serial\x2dgetty.slice.
[[0;32m  OK  [0m] Created slice system-serial\x2dgetty.slice.
[    6.052554] systemd[1]: Listening on LVM2 poll daemon socket.
[[0;32m  OK  [0m] Listening on LVM2 poll daemon socket.
[    6.059055] systemd[1]: Started Forward Password Requests to Wall Directory Watch.
[[0;32m  OK  [0m] Started Forward Password Requests to Wall Directory Watch.
[    6.064071] systemd[1]: Listening on Journal Socket.
[[0;32m  OK  [0m] Listening on Journal Socket.
[    6.067196] systemd[1]: Mounting POSIX Message Queue File System...
         Mounting POSIX Message Queue File System...
[    6.096421] systemd[1]: Starting Set console keymap...
         Starting Set console keymap...
[    6.103505] systemd[1]: Starting Create list of required static device nodes for the current kernel...
         Starting Create list of required st... nodes for the current kernel...
[    6.112484] systemd[1]: Starting Remount Root and Kernel File Systems...
         Starting Remount Root and Kernel File Systems...
[    6.117898] systemd[1]: Starting Uncomplicated firewall...
         Starting Uncomplicated firewall...
[    6.127683] systemd[1]: Starting Load Kernel Modules...
         Starting Load Kernel Modules...
[    6.139306] systemd[1]: Reached target System Time Synchronized.
[    6.145093] EXT4-fs (sda1): re-mounted. Opts: (null)
[[0;32m  OK  [0m] Reached target System Time Synchronized.
[    6.159779] systemd[1]: Listening on Syslog Socket.
[[0;32m  OK  [0m] Listening on Syslog Socket.
[    6.164128] systemd[1]: Mounting Debug File System...
         Mounting Debug File System...
[    6.172032] systemd[1]: Listening on udev Kernel Socket.
[[0;32m  OK  [0m] Listening on udev Kernel Socket.
[    6.175869] systemd[1]: Mounting Huge Pages File System...
[    6.199060] Loading iSCSI transport class v2.0-870.
         Mounting Huge Pages File System...
[    6.208262] systemd[1]: Created slice User and Session Slice.
[[0;32m  OK  [0m] Created slice User and Session Slice.
[    6.216399] systemd[1]: Starting Journal Service...
         Starting Journal Service...
[    6.232009] systemd[1]: Listening on LVM2 metadata daemon socket.
[[0;32m  OK  [0m] Listening on LVM2 metadata daemon socket.
[    6.234836] systemd[1]: Listening on udev Control Socket.
[[0;32m  OK  [0m] Listening on udev Control Socket.
[    6.239743] systemd[1]: Started Trigger resolvconf update for networkd DNS.
[[0;32m  OK  [0m] Started Trigger resolvconf update for networkd DNS.
[    6.243842] systemd[1]: Listening on Device-mapper event daemon FIFOs.
[[0;32m  OK  [0m] Listening on Device-mapper event daemon FIFOs.
[    6.249170] iscsi: registered transport (tcp)
[    6.251819] systemd[1]: Starting Monitoring of LVM2 mirrors, snapshots etc. using dmeventd or progress polling...
         Starting Monitoring of LVM2 mirrors... dmeventd or progress polling...
[    6.258869] systemd[1]: Reached target Slices.
[[0;32m  OK  [0m] Reached target Slices.
[    6.263297] systemd[1]: Set up automount Arbitrary Executable File Formats File System Automount Point.
[[0;32m  OK  [0m] Set up automount Arbitrary Executab...ats File System Automount Point.
[    6.274664] systemd[1]: Starting Nameserver information manager...
         Starting Nameserver information manager...
[    6.291955] systemd[1]: Mounted POSIX Message Queue File System.
[[0;32m  OK  [0m] Mounted POSIX Message Queue File System.
[    6.294073] systemd[1]: Mounted Debug File System.
[[0;32m  OK  [0m] Mounted Debug File System.
[    6.308395] systemd[1]: Mounted Huge Pages File System.
[[0;32m  OK  [0m] Mounted Huge Pages File System.
[    6.312308] systemd[1]: Started Create list of required static device nodes for the current kernel.
[[0;32m  OK  [0m] Started Create list of required sta...ce nodes for the current kernel.
[    6.320324] systemd[1]: Started Set console keymap.
[[0;32m  OK  [0m] Started Set console keymap.
[    6.327896] random: nonblocking pool is initialized
[    6.329596] systemd[1]: Started Remount Root and Kernel File Systems.
[[0;32m  OK  [0m] Started Remount Root and Kernel File Systems.
[    6.332422] systemd[1]: Started Uncomplicated firewall.
[[0;32m  OK  [0m] Started Uncomplicated firewall.
[    6.341839] systemd[1]: Started Journal Service.
[[0;32m  OK  [0m] Started Journal Service.
[[0;32m  OK  [0m] Started Nameserver information manager.
[    6.362649] iscsi: registered transport (iser)
[[0;32m  OK  [0m] Started Load Kernel Modules.
         Mounting FUSE Control File System...
         Starting Apply Kernel Variables...
[[0;32m  OK  [0m] Started LVM2 metadata daemon.
         Starting udev Coldplug all Devices...
         Starting Load/Save Random Seed...
         Starting Flush Journal to Persistent Storage...
         Starting Create Static Device Nodes in /dev...
[[0;32m  OK  [0m] Mounted FUSE Control File System.
[[0;32m  OK  [0m] Started Apply Kernel Variables.
[[0;32m  OK  [0m] Started Load/Save Random Seed.
[[0;32m  OK  [0m] Started Flush Journal to Persistent Storage.
[[0;32m  OK  [0m] Started Monitoring of LVM2 mirrors,...ng dmeventd or progress polling.
[[0;32m  OK  [0m] Started Create Static Device Nodes in /dev.
[[0;32m  OK  [0m] Started udev Coldplug all Devices.
         Starting udev Kernel Device Manager...
[[0;32m  OK  [0m] Reached target Local File Systems (Pre).
[[0;32m  OK  [0m] Reached target Local File Systems.
         Starting LSB: AppArmor initialization...
         Starting Set console font and keymap...
         Starting Initial cloud-init job (pre-networking)...
         Starting Tell Plymouth To Write Out Runtime Data...
         Starting Commit a transient machine-id on disk...
         Starting Create Volatile Files and Directories...
[[0;32m  OK  [0m] Started Commit a transient machine-id on disk.
[[0;32m  OK  [0m] Started Tell Plymouth To Write Out Runtime Data.
[[0;32m  OK  [0m] Started Create Volatile Files and Directories.
         Starting Update UTMP about System Boot/Shutdown...
[[0;32m  OK  [0m] Started Update UTMP about System Boot/Shutdown.
[[0;32m  OK  [0m] Started udev Kernel Device Manager.
[[0;32m  OK  [0m] Started Dispatch Password Requests to Console Directory Watch.
[[0;32m  OK  [0m] Found device /dev/ttyS0.
[[0;32m  OK  [0m] Listening on Load/Save RF Kill Switch Status /dev/rfkill Watch.
[   10.938270] cloud-init[475]: Cloud-init v. 19.2-36-g059d049c-0ubuntu2~16.04.1 running 'init-local' at Thu, 28 Nov 2019 19:55:33 +0000. Up 9.94 seconds.
[[0;32m  OK  [0m] Started LSB: AppArmor initialization.
[[0;32m  OK  [0m] Started Initial cloud-init job (pre-networking).
[[0;32m  OK  [0m] Reached target Network (Pre).
         Starting Raise network interfaces...
[[0;32m  OK  [0m] Started Set console font and keymap.
[[0;32m  OK  [0m] Created slice system-getty.slice.
[[0;32m  OK  [0m] Started Raise network interfaces.
[[0;32m  OK  [0m] Reached target Network.
         Starting Initial cloud-init job (metadata service crawler)...
[   14.054371] cloud-init[967]: Cloud-init v. 19.2-36-g059d049c-0ubuntu2~16.04.1 running 'init' at Thu, 28 Nov 2019 19:55:36 +0000. Up 12.77 seconds.
[   14.064574] cloud-init[967]: ci-info: ++++++++++++++++++++++++++++++++++++++Net device info+++++++++++++++++++++++++++++++++++++++
[   14.072564] cloud-init[967]: ci-info: +--------+-------+----------------------------+---------------+--------+-------------------+
[   14.076187] cloud-init[967]: ci-info: | Device |   Up  |          Address           |      Mask     | Scope  |     Hw-Address    |
[   14.080321] cloud-init[967]: ci-info: +--------+-------+----------------------------+---------------+--------+-------------------+
[   14.088869] cloud-init[967]: ci-info: | enp0s3 |  True |         10.0.2.15          | 255.255.255.0 | global | 02:1a:6e:a3:7e:96 |
[   14.091740] cloud-init[967]: ci-info: | enp0s3 |  True | fe80::1a:6eff:fea3:7e96/64 |       .       |  link  | 02:1a:6e:a3:7e:96 |
[   14.096611] cloud-init[967]: ci-info: | enp0s8 | False |             .              |       .       |   .    | 08:00:27:1f:13:2a |
[   14.104842] cloud-init[967]: ci-info: |   lo   |  True |         127.0.0.1          |   255.0.0.0   |  host  |         .         |
[   14.117139] cloud-init[967]: ci-info: |   lo   |  True |          ::1/128           |       .       |  host  |         .         |
[   14.128769] cloud-init[967]: ci-info: +--------+-------+----------------------------+---------------+--------+-------------------+
[   14.144867] cloud-init[967]: ci-info: +++++++++++++++++++++++++++Route IPv4 info++++++++++++++++++++++++++++
[   14.153121] cloud-init[967]: ci-info: +-------+-------------+----------+---------------+-----------+-------+
[   14.166044] cloud-init[967]: ci-info: | Route | Destination | Gateway  |    Genmask    | Interface | Flags |
[   14.169577] cloud-init[967]: ci-info: +-------+-------------+----------+---------------+-----------+-------+
[   14.177836] cloud-init[967]: ci-info: |   0   |   0.0.0.0   | 10.0.2.2 |    0.0.0.0    |   enp0s3  |   UG  |
[   14.179090] cloud-init[967]: ci-info: |   1   |   10.0.2.0  | 0.0.0.0  | 255.255.255.0 |   enp0s3  |   U   |
[[0;32m  OK  [0m] Started Initial cloud-init job (metadata service crawler).
[[0;32m  OK  [0m[   14.183359] cloud-init[967]: ci-info: +-------+-------------+----------+---------------+-----------+-------+] Reached target Network is Online.
         Starting iSCSI initiator daemon (iscsid)...
[[0;32m  OK  [0m] Reached target System Initialization.
         
[   14.204461] cloud-init[967]: ci-info: +++++++++++++++++++Route IPv6 info+++++++++++++++++++
[   14.205790] cloud-init[967]: ci-info: +-------+-------------+---------+-----------+-------+
[   14.205825] cloud-init[967]: ci-info: | Route | Destination | Gateway | Interface | Flags |
[   14.205852] cloud-init[967]: ci-info: +-------+-------------+---------+-----------+-------+
[   14.205877] cloud-init[967]: ci-info: |   0   |  fe80::/64  |    ::   |   enp0s3  |   U   |
[   14.205919] cloud-init[967]: ci-info: |   3   |   ff00::/8  |    ::   |   enp0s3  |   U   |
[   14.205945] cloud-init[967]: ci-info: +-------+-------------+---------+-----------+-------+
[   14.205969] cloud-init[967]: Generating public/private rsa key pair.
[   14.205995] cloud-init[967]: Your identification has been saved in /etc/ssh/ssh_host_rsa_key.
[   14.206020] cloud-init[967]: Your public key has been saved in /etc/ssh/ssh_host_rsa_key.pub.
[   14.206047] cloud-init[967]: The key fingerprint is:
[   14.206072] cloud-init[967]: SHA256:LAfy2mTEVLQc0uIcgVk3x2FkBKxlW2uWF2MNzvOCv/o root@ubuntu-xenial
[   14.206096] cloud-init[967]: The key's randomart image is:
[   14.206121] cloud-init[967]: +---[RSA 2048]----+
[   14.206146] cloud-init[967]: |     +=*B=B..o   |
[   14.206170] cloud-init[967]: |    ooo+=Boo+ .  |
[   14.206195] cloud-init[967]: |    .o+*oo ++o   |
[   14.206221] cloud-init[967]: |     ++o. =..o   |
[   14.206247] cloud-init[967]: |      = So... .  |
[   14.206272] cloud-init[967]: |     = o   . .   |
[   14.206297] cloud-init[967]: |    . .     .    |
[   14.206324] cloud-init[967]: |             .   |
[   14.206349] cloud-init[967]: |          .oE    |
[   14.206374] cloud-init[967]: +----[SHA256]-----+
[   14.206399] cloud-init[967]: Generating public/private dsa key pair.
[   14.206423] cloud-init[967]: Your identification has been saved in /etc/ssh/ssh_host_dsa_key.
[   14.206449] cloud-init[967]: Your public key has been saved in /etc/ssh/ssh_host_dsa_key.pub.
Starting LXD - unix socket.
[[0;32m  OK  [0m] Started Message of the Day.
[[0;32m  OK  [0m] Listening on D-Bus System Message Bus Socket.
[   14.265632] [[0;32m  OK  [0m] Listening on ACPID Listen Socket.
cloud-init[967]: The key fingerprint is:[
[   14.278558] cloud-init[0;32m  OK  [0m] Started Daily apt download activities.
[967]: SHA256:qOhZ41TueO2evmOBZEyEc2v7W5Fxyu+xmsN6GwS2NEs root@ubuntu-xenial[[0;32m  OK  [0m] Started ACPI Events Check.
[[0;32m  OK  [0m] Reached target Paths.

[   14.292473] cloud-init[967]: The key's randomart image is:
[   14.294061] cloud-init[967]: +---[DSA 1024]----+[[0;32m  OK  [0m] Listening on UUID daemon activation socket.
[[0;32m  OK  [0m
[   14.301166] cloud-init[967]: |     o.          |
[   14.302381] cloud-init[967]: |    o o          |
[   14.303773] ] Started Daily Cleanup of Temporary Directories.
         Starting Socket activation for snappy daemon.
cloud-init[967]: |     = .E . .    |
[[0;32m  OK  [0m] Started Daily apt upgrade and clean activities.
[[0;32m  OK  [0m] [   14.310658] cloud-init[967]: |      *= * =     |
[   14.312792] cloud-init[967]: |     +ooS *      |
[   14.313578] cloud-init[967]: |   . +o .. o     |
[   14.314971] cloud-init[967]: |  . = .o oo o    |
[   14.315206] cloud-init[967]: | . = +. =o++ o   |
[   14.315238] cloud-init[967]: |  o o..=O*++o    |
[   14.315264] cloud-init[967]: +----[SHA256]-----+
[   14.315290] cloud-init[967]: Generating public/private ecdsa key pair.
[   14.315317] cloud-init[967]: Your identification has been saved in /etc/ssh/ssh_host_ecdsa_key.
[   14.315344] cloud-init[967]: Your public key has been saved in /etc/ssh/ssh_host_ecdsa_key.pub.
[   14.315371] cloud-init[967]: The key fingerprint is:
[   14.315396] cloud-init[967]: SHA256:g+7HF1s8JLQZswiDF5PvsDv6q+Qr5BKGri3+C1O3ARY root@ubuntu-xenial
[   14.315421] cloud-init[967]: The key's randomart image is:
[   14.315453] cloud-init[967]: +---[ECDSA 256]---+
[   14.315479] cloud-init[967]: |   E .oo         |
[   14.315506] cloud-init[967]: |    o =.  +      |
[   14.315532] cloud-init[967]: |   o . + o *     |
[   14.315557] cloud-init[967]: |  . . ..o = .    |
[   14.315583] cloud-init[967]: |.  . o.+S  +     |
[   14.315610] cloud-init[967]: |o.o ..+ ... +    |
[   14.315636] cloud-init[967]: |o*  ...o   + .   |
[   14.315662] cloud-init[967]: |oo=o .o o o      |
[   14.315687] cloud-init[967]: |++o+*=++ .       |
[   14.315712] cloud-init[967]: +----[SHA256]-----+
[   14.315740] cloud-init[967]: Generating public/private ed25519 key pair.
[   14.315767] cloud-init[967]: Your identification has been saved in /etc/ssh/ssh_host_ed25519_key.
[   14.315792] cloud-init[967]: Your public key has been saved in /etc/ssh/ssh_host_ed25519_key.pub.
[   14.315818] cloud-init[967]: The key fingerprint is:
[   14.315843] cloud-init[967]: SHA256:PwQ3fkj0eCq3oTTHW1K1qJZka5lsEzlcDe6AABwT/f0 root@ubuntu-xenial
[   14.315869] cloud-init[967]: The key's randomart image is:
[   14.315894] cloud-init[967]: +--[ED25519 256]--+
Reached target Timers.
[   14.329685] cloud-init[967]: |   .==.   . oo.  |
[[0;32m  OK  [0m] Reached target Cloud-config availability.
[   14.355978] cloud-init[967]: |    .... + * o.. |
[   14.360883] cloud-init[967]: |       .o.& * .  |
[   14.364825] cloud-init[967]: |        .X.^     |
[   14.367441] cloud-init[[0;32m  OK  [0m] Listening on LXD - unix socket.
[[0;32m  OK  [0m] Listening on Socket activation for snappy daemon.
[967]: |        S ^.+    |
[   14.374363] cloud-init[967]: |       . % OE    |
[   14.379623] cloud-init[967]: |        . =      |
[   14.399857] cloud-init[967]: |           .     |
[[0;32m  OK  [0m] Started iSCSI initiator daemon (iscsid).[   14.405052] cloud-init[967]: |                 |
[   14.406951] cloud-init[967]: 
         Starting Login to default iSCSI targets...
[[0;32m  OK  [0m+----[SHA256]-----+
] Reached target Sockets.
[[0;32m  OK  [0m] Reached target Basic System.
[[0;32m  OK  [0m] Started Regular background program processing daemon.
         Starting /etc/rc.local Compatibility...
[[0;32m  OK  [0m] Started FUSE filesystem for LXC.
         Starting System Logging Service...
[[0;32m  OK  [0m] Started ACPI event daemon.
         Starting Snappy daemon...
         Starting Pollinate to seed the pseudo random number generator...
[[0;32m  OK  [0m] Started D-Bus System Message Bus.
         Starting Virtualbox guest utils...
         Starting Login Service...
         Starting LXD - container startup/shutdown...
         Starting LSB: MD monitoring daemon...
         Starting Accounts Service...
[[0;32m  OK  [0m] Started Deferred execution scheduler.
         Starting LSB: Record successful boot for GRUB...
[[0;32m  OK  [0m] Started System Logging Service.
[[0;32m  OK  [0m] Started /etc/rc.local Compatibility.
[[0;32m  OK  [0m] Started Login to default iSCSI targets.
[[0;32m  OK  [0m] Reached target Remote File Systems (Pre).
[[0;32m  OK  [0m] Reached target Remote File Systems.
         Starting LSB: Set the CPU Frequency Scaling governor to "ondemand"...
         Starting LSB: automatic crash report generation...
         Starting LSB: daemon to balance interrupts for SMP systems...
         Starting Permit User Sessions...
[[0;32m  OK  [0m] Started Login Service.
[[0;32m  OK  [0m] Started Permit User Sessions.
         Starting Authenticate and Authorize Users to Run Privileged Tasks...
         Starting Hold until boot process finishes up...
         Starting Terminate Plymouth Boot Screen...
[[0;32m  OK  [0m] Started Unattended Upgrades Shutdown.
[[0;32m  OK  [0m] Started LSB: Record successful boot for GRUB.
[[0;32m  OK  [0m] Started Hold until boot process finishes up.
[[0;32m  OK  [0m] Started Terminate Plymouth Boot Screen.
[[0;32m  OK  [0m] Started Getty on tty1.
         Starting Set console scheme...
[[0;32m  OK  [0m] Started Serial Getty on ttyS0.
[[0;32m  OK  [0m] Reached target Login Prompts.
[[0;32m  OK  [0m] Started Set console scheme.
[[0;32m  OK  [0m] Started LSB: Set the CPU Frequency Scaling governor to "ondemand".
[[0;32m  OK  [0m] Started LSB: MD monitoring daemon.
[[0;32m  OK  [0m] Started LSB: automatic crash report generation.
[[0;32m  OK  [0m] Started LSB: daemon to balance interrupts for SMP systems.
[[0;32m  OK  [0m] Started LXD - container startup/shutdown.
[[0;32m  OK  [0m] Started Authenticate and Authorize Users to Run Privileged Tasks.
[[0;32m  OK  [0m] Started Accounts Service.
[[0;32m  OK  [0m] Started Virtualbox guest utils.
[[0;32m  OK  [0m] Started Snappy daemon.
         Starting Wait until snapd is fully seeded...
[[0;32m  OK  [0m] Started Pollinate to seed the pseudo random number generator.
         Starting OpenBSD Secure Shell server...
[[0;32m  OK  [0m] Started OpenBSD Secure Shell server.
[[0;32m  OK  [0m] Created slice User Slice of vagrant.
         Starting User Manager for UID 1000...
[[0;32m  OK  [0m] Started Session 1 of user vagrant.
[[0;32m  OK  [0m] Started User Manager for UID 1000.
[[0;32m  OK  [0m] Started Wait until snapd is fully seeded.
[[0;32m  OK  [0m] Reached target Multi-User System.
[[0;32m  OK  [0m] Reached target Graphical Interface.
         Starting Update UTMP about System Runlevel Changes...
         Starting Apply the settings specified in cloud-config...
[[0;32m  OK  [0m] Started Update UTMP about System Runlevel Changes.
[   18.074749] cloud-init[1439]: Generating locales (this might take a while)...
         Stopping Virtualbox guest utils...
[[0;32m  OK  [0m] Stopped Virtualbox guest utils.
[   19.397480] cloud-init[1439]:   en_US.UTF-8... done
[   19.401295] cloud-init[1439]: Generation complete.
[   19.995313] cloud-init[1439]: Cloud-init v. 19.2-36-g059d049c-0ubuntu2~16.04.1 running 'modules:config' at Thu, 28 Nov 2019 19:55:41 +0000. Up 17.88 seconds.
[[0;32m  OK  [0m] Started Apply the settings specified in cloud-config.
         Starting Execute cloud user/final scripts...
ci-info: no authorized ssh keys fingerprints found for user ubuntu.

<14>Nov 28 19:55:44 ec2: 
<14>Nov 28 19:55:44 ec2: #############################################################
<14>Nov 28 19:55:44 ec2: -----BEGIN SSH HOST KEY FINGERPRINTS-----
<14>Nov 28 19:55:44 ec2: 1024 SHA256:qOhZ41TueO2evmOBZEyEc2v7W5Fxyu+xmsN6GwS2NEs root@ubuntu-xenial (DSA)
<14>Nov 28 19:55:44 ec2: 256 SHA256:g+7HF1s8JLQZswiDF5PvsDv6q+Qr5BKGri3+C1O3ARY root@ubuntu-xenial (ECDSA)
<14>Nov 28 19:55:44 ec2: 256 SHA256:PwQ3fkj0eCq3oTTHW1K1qJZka5lsEzlcDe6AABwT/f0 root@ubuntu-xenial (ED25519)
<14>Nov 28 19:55:44 ec2: 2048 SHA256:LAfy2mTEVLQc0uIcgVk3x2FkBKxlW2uWF2MNzvOCv/o root@ubuntu-xenial (RSA)
<14>Nov 28 19:55:44 ec2: -----END SSH HOST KEY FINGERPRINTS-----
<14>Nov 28 19:55:44 ec2: #############################################################
-----BEGIN SSH HOST KEY KEYS-----
ecdsa-sha2-nistp256 AAAAE2VjZHNhLXNoYTItbmlzdHAyNTYAAAAIbmlzdHAyNTYAAABBBGEHYN5ZvSfoLX1guZ5QZi29XH6Ks5YsxxXSnvQyGKJ4MDtAnBPtEdc5L2RqCO/7sbasB9lELsrpMvWcDTFELyM= root@ubuntu-xenial
ssh-ed25519 AAAAC3NzaC1lZDI1NTE5AAAAIMzzqFINXiGLWCQl50tJPb9Eqp5wwYUyo6qrS1MC7hIn root@ubuntu-xenial
ssh-rsa AAAAB3NzaC1yc2EAAAADAQABAAABAQDLS7uVH/G216SbFh2PKGxBORvI/TVrSqOg+q0QVDRaQV2gFA1VUNo3sgc/40kxr1c2f4eJJr+FAl5BX2KMnGrBTgM76M/B9fGH4LkCNbFzoL8VV5CzLJBrf5DFaQcJXtOlg/XQ4ftlb0Mp1hmTcjbEgYHrvbh5b1nY+Tt6BtodUR3D/a4+mGP9CC8M8u1awgbY+Dpl6pgtEOC+9lsWyLsvQWw5LBKJ7NolcQgiy212rPuzmJjn0iah6I4joL4pWdpXLYhcv1DCIvczyebEqcL2dUSBmeZsu0P7f0znsCULakUt4cEbx8WDHHo1Cxkc6JFS3Nswj+1d5eFhy//L+Fe1 root@ubuntu-xenial
-----END SSH HOST KEY KEYS-----
[   21.267559] cloud-init[1646]: Cloud-init v. 19.2-36-g059d049c-0ubuntu2~16.04.1 running 'modules:final' at Thu, 28 Nov 2019 19:55:44 +0000. Up 21.01 seconds.
[   21.267805] cloud-init[1646]: ci-inf         Stopping User Manager for UID 1000...
[[0;32m  OK  [0m] Closed Load/Save RF Kill Switch Status /dev/rfkill Watch.
[[0;32m  OK  [0m] Stopped target Timers.
         Stopping Session 3 of user vagrant.
[[0;32m  OK  [0m] Stopped Daily apt upgrade and clean activities.
[[0;32m  OK  [0m] Stopped target Graphical Interface.
         Stopping Accounts Service...
[[0;32m  OK  [0m] Stopped Daily Cleanup of Temporary Directories.
         Stopping ACPI event daemon...
         Stopping Authenticate and Authorize Users to Run Privileged Tasks...
[[0;32m  OK  [0m] Stopped target Cloud-init target.
[[0;32m  OK  [0m] Stopped Execute cloud user/final scripts.
[[0;32[[0;32m  OK  [0m] Closed Load/Save RF Kill Switch Status /dev/rfkill Watch.
[[0;32m  OK  [0m] Stopped target Timers.
[[0;32m  OK  [0m] Stopped Daily apt upgrade and clean activities.
[[0;32m  OK  [0m] Stopped Daily apt download activities.
[[0;32m  OK  [0m] Stopped Message of the Day.
[[0;32m  OK  [0m] Stopped target System Time Synchronized.
         Stopping User Manager for UID 1000...
[[0;32m  OK  [0m] Stopped target Cloud-init target.
[[0;32m  OK  [0m] Stopped Execute cloud user/final scripts.
[[0;32m  OK  [0m] Stopped Apply the settings specified in cloud-config.
[[0;32m  OK  [0m] Stopped target Cloud-config availability.
         Stopping Session 5 of user vagrant.
         Stopping ACPI event daemon...
         Stopping Authenticate and Authorize Users to Run Privileged Tasks...
[[0;32m  OK  [0m] Stopped target Graphical Interface.
[[0;32m  OK  [0m] Stopped target Multi-User System.
         Stopping OpenBSD Secure Shell server...
         Stopping Regular background program processing daemon...
[[0;32m  OK  [0m] Stopped Wait until snapd is fully seeded.
         Stopping LSB: Record successful boot for GRUB...
         Stopping FUSE filesystem for LXC...
         Stopping D-Bus System Message Bus...
         Stopping LSB: MD monitoring daemon...
         Stopping System Logging Service...
         Stopping LSB: daemon to balance interrupts for SMP systems...
         Stopping LXD - container startup/shutdown...
         Stopping nginx - high performance web server...
[[0;32m  OK  [0m] Stopped target Login Prompts.
         Stopping Serial Getty on ttyS0...
         Stopping Deferred execution scheduler...
         Stopping LSB: automatic crash report generation...
         Stopping Accounts Service...
         Stopping LSB: Set the CPU Frequency Scaling governor to "ondemand"...
[[0;32m  OK  [0m] Stopped Daily Cleanup of Temporary Directories.
         Stopping Unattended Upgrades Shutdown...
         Stopping vboxadd-service.service...
         Stopping Getty on tty1...
[[0;32m  OK  [0m] Unmounted /var/lib/lxcfs.
[[0;32m  OK  [0m] Stopped ACPI event daemon.
[[0;32m  OK  [0m] Stopped Accounts Service.
[[0;32m  OK  [0m] Stopped Deferred execution scheduler.
[[0;32m  OK  [0m] Stopped Regular background program processing daemon.
[[0;32m  OK  [0m] Stopped System Logging Service.
[[0;32m  OK  [0m] Stopped Authenticate and Authorize Users to Run Privileged Tasks.
[[0;32m  OK  [0m] Stopped Serial Getty on ttyS0.
[[0;32m  OK  [0m] Stopped Getty on tty1.
[[0;32m  OK  [0m] Stopped OpenBSD Secure Shell server.
[[0;32m  OK  [0m] Stopped User Manager for UID 1000.
[[0;32m  OK  [0m] Stopped Session 5 of user vagrant.
[[0;32m  OK  [0m] Stopped D-Bus System Message Bus.
[[0;32m  OK  [0m] Stopped nginx - high performance web server.
[[0;32m  OK  [0m] Stopped FUSE filesystem for LXC.
[[0;32m  OK  [0m] Stopped Unattended Upgrades Shutdown.
[[0;32m  OK  [0m] Stopped vboxadd-service.service.
[[0;32m  OK  [0m] Stopped LXD - container startup/shutdown.
[[0;32m  OK  [0m] Stopped LSB: Record successful boot for GRUB.
[[0;32m  OK  [0m] Stopped LSB: MD monitoring daemon.
[[0;32m  OK  [0m] Stopped LSB: automatic crash report generation.
[[0;32m  OK  [0m] Stopped LSB: Set the CPU Frequency Scaling governor to "ondemand".
[[0;32m  OK  [0m] Stopped LSB: daemon to balance interrupts for SMP systems.
[[0;32m  OK  [0m] Stopped User Manager for UID 1000.
         Stopping vboxadd.service...
[[0;32m  OK  [0m] Removed slice User Slice of vagrant.
         Stopping Login Service...
[[0;32m  OK  [0m] Removed slice system-getty.slice.
[[0;32m  OK  [0m] Removed slice system-serial\x2dgetty.slice.
         Stopping Permit User Sessions...
[[0;32m  OK  [0m] Stopped /etc/rc.local Compatibility.
[[0;32m  OK  [0m] Stopped Login Service.
[[0;32m  OK  [0m] Stopped Permit User Sessions.
[[0;32m  OK  [0m] Stopped target Remote File Systems.
[[0;32m  OK  [0m] Stopped target Remote File Systems (Pre).
         Stopping Login to default iSCSI targets...
[[0;32m  OK  [0m] Stopped target User and Group Name Lookups.
[[0;32m  OK  [0m] Stopped Login to default iSCSI targets.
         Stopping iSCSI initiator daemon (iscsid)...
[[0;32m  OK  [0m] Stopped iSCSI initiator daemon (iscsid).
[[0;32m  OK  [0m] Stopped target Network is Online.
[[0;32m  OK  [0m] Stopped target Network.
[[0;32m  OK  [0m] Unmounted /vagrant.
[[0;32m  OK  [0m] Stopped vboxadd.service.
[[0;32m  OK  [0m] Stopped target Basic System.
[[0;32m  OK  [0m] Stopped target Sockets.
[[0;32m  OK  [0m] Closed ACPID Listen Socket.
[[0;32m  OK  [0m] Closed LXD - unix socket.
[[0;32m  OK  [0m] Closed Syslog Socket.
[[0;32m  OK  [0m] Closed UUID daemon activation socket.
[[0;32m  OK  [0m] Closed Socket activation for snappy daemon.
[[0;32m  OK  [0m] Closed D-Bus System Message Bus Socket.
[[0;32m  OK  [0m] Stopped target Paths.
[[0;32m  OK  [0m] Stopped ACPI Events Check.
[[0;32m  OK  [0m] Stopped Dispatch Password Requests to Console Directory Watch.
[[0;32m  OK  [0m] Stopped Forward Password Requests to Wall Directory Watch.
[[0;32m  OK  [0m] Stopped target Slices.
[[0;32m  OK  [0m] Removed slice User and Session Slice.
[[0;32m  OK  [0m] Stopped target System Initialization.
         Stopping Load/Save Random Seed...
[[0;32m  OK  [0m] Stopped target Swap.
[[0;32m  OK  [0m] Stopped target Encrypted Volumes.
[[0;32m  OK  [0m] Stopped Initial cloud-init job (metadata service crawler).
         Stopping Raise network interfaces...
[[0;32m  OK  [0m] Stopped Commit a transient machine-id on disk.
         Stopping Update UTMP about System Boot/Shutdown...
[[0;32m  OK  [0m] Stopped Load/Save Random Seed.
[[0;32m  OK  [0m] Stopped Update UTMP about System Boot/Shutdown.
[[0;32m  OK  [0m] Stopped Create Volatile Files and Directories.
[[0;32m  OK  [0m] Stopped Raise network interfaces.
[[0;32m  OK  [0m] Stopped target Local File Systems.
         Unmounting /run/user/1000...
[[0;32m  OK  [0m] Stopped Apply Kernel Variables.
[[0;32m  OK  [0m] Stopped Load Kernel Modules.
[[0;32m  OK  [0m] Stopped target Network (Pre).
[[0;32m  OK  [0m] Stopped Initial cloud-init job (pre-networking).
[[0;32m  OK  [0m] Unmounted /run/user/1000.
[[0;32m  OK  [0m] Reached target Unmount All Filesystems.
[[0;32m  OK  [0m] Stopped target Local File Systems (Pre).
         Stopping Monitoring of LVM2 mirrors... dmeventd or progress polling...
[[0;32m  OK  [0m] Stopped Remount Root and Kernel File Systems.
[[0;32m  OK  [0m] Stopped Create Static Device Nodes in /dev.
[[0;32m  OK  [0m] Reached target Shutdown.
[  824.818022] reboot: Power down
